ChatDemoUI3.0/build/outputs/logs/manifest-merger-debug-report.txt
-- Merging decision tree log ---
manifest
ADDED from ChatDemoUI3.0\AndroidManifest.xml:2:1-476:12
	package
		ADDED from ChatDemoUI3.0\AndroidManifest.xml:4:5-32
		INJECTED from ChatDemoUI3.0\AndroidManifest.xml
		INJECTED from ChatDemoUI3.0\AndroidManifest.xml
	android:versionName
		ADDED from ChatDemoUI3.0\AndroidManifest.xml:6:5-32
		INJECTED from ChatDemoUI3.0\AndroidManifest.xml
		INJECTED from ChatDemoUI3.0\AndroidManifest.xml
	xmlns:tools
		ADDED from ChatDemoUI3.0\AndroidManifest.xml:3:5-51
	android:versionCode
		ADDED from ChatDemoUI3.0\AndroidManifest.xml:5:5-29
		INJECTED from ChatDemoUI3.0\AndroidManifest.xml
		INJECTED from ChatDemoUI3.0\AndroidManifest.xml
	xmlns:android
		ADDED from ChatDemoUI3.0\AndroidManifest.xml:2:11-69
uses-sdk
ADDED from ChatDemoUI3.0\AndroidManifest.xml:8:5-11:59
MERGED from [com.android.support:multidex:1.0.1] AndroidManifest.xml:18:5-42
MERGED from [ChatDemoUI3.0:redpacketlibrary:unspecified] AndroidManifest.xml:7:5-9:41
MERGED from [ChatDemoUI3.0:EaseUI:unspecified] AndroidManifest.xml:7:5-9:41
MERGED from [com.android.support:support-v4:24.2.0] AndroidManifest.xml:21:5-23:54
MERGED from [com.android.support:support-compat:24.2.0] AndroidManifest.xml:21:5-23:58
MERGED from [com.android.support:support-core-utils:24.2.0] AndroidManifest.xml:21:5-23:61
MERGED from [com.android.support:support-media-compat:24.2.0] AndroidManifest.xml:21:5-23:63
MERGED from [com.android.support:support-core-ui:24.2.0] AndroidManifest.xml:21:5-23:58
MERGED from [com.android.support:support-fragment:24.2.0] AndroidManifest.xml:21:5-23:60
MERGED from [com.jakewharton:butterknife:8.4.0] AndroidManifest.xml:5:5-43
	tools:overrideLibrary
		ADDED from ChatDemoUI3.0\AndroidManifest.xml:11:9-56
	android:targetSdkVersion
		ADDED from ChatDemoUI3.0\AndroidManifest.xml:10:9-38
		INJECTED from ChatDemoUI3.0\AndroidManifest.xml
		INJECTED from ChatDemoUI3.0\AndroidManifest.xml
	android:minSdkVersion
		ADDED from ChatDemoUI3.0\AndroidManifest.xml:9:9-35
		INJECTED from ChatDemoUI3.0\AndroidManifest.xml
		INJECTED from ChatDemoUI3.0\AndroidManifest.xml
uses-permission#android.permission.VIBRATE
ADDED from ChatDemoUI3.0\AndroidManifest.xml:13:5-66
	android:name
		ADDED from ChatDemoUI3.0\AndroidManifest.xml:13:22-63
uses-permission#android.permission.INTERNET
ADDED from ChatDemoUI3.0\AndroidManifest.xml:14:5-67
	android:name
		ADDED from ChatDemoUI3.0\AndroidManifest.xml:14:22-64
uses-permission#android.permission.RECORD_AUDIO
ADDED from ChatDemoUI3.0\AndroidManifest.xml:15:5-71
	android:name
		ADDED from ChatDemoUI3.0\AndroidManifest.xml:15:22-68
uses-permission#android.permission.CAMERA
ADDED from ChatDemoUI3.0\AndroidManifest.xml:16:5-65
	android:name
		ADDED from ChatDemoUI3.0\AndroidManifest.xml:16:22-62
uses-permission#android.permission.ACCESS_NETWORK_STATE
ADDED from ChatDemoUI3.0\AndroidManifest.xml:17:5-79
	android:name
		ADDED from ChatDemoUI3.0\AndroidManifest.xml:17:22-76
uses-permission#android.permission.WRITE_EXTERNAL_STORAGE
ADDED from ChatDemoUI3.0\AndroidManifest.xml:18:5-81
	android:name
		ADDED from ChatDemoUI3.0\AndroidManifest.xml:18:22-78
uses-permission#android.permission.MOUNT_UNMOUNT_FILESYSTEMS
ADDED from ChatDemoUI3.0\AndroidManifest.xml:19:5-84
	android:name
		ADDED from ChatDemoUI3.0\AndroidManifest.xml:19:22-81
uses-permission#android.permission.ACCESS_FINE_LOCATION
ADDED from ChatDemoUI3.0\AndroidManifest.xml:20:5-79
	android:name
		ADDED from ChatDemoUI3.0\AndroidManifest.xml:20:22-76
uses-permission#android.permission.GET_TASKS
ADDED from ChatDemoUI3.0\AndroidManifest.xml:21:5-68
	android:name
		ADDED from ChatDemoUI3.0\AndroidManifest.xml:21:22-65
uses-permission#android.permission.ACCESS_WIFI_STATE
ADDED from ChatDemoUI3.0\AndroidManifest.xml:22:5-76
	android:name
		ADDED from ChatDemoUI3.0\AndroidManifest.xml:22:22-73
uses-permission#android.permission.CHANGE_WIFI_STATE
ADDED from ChatDemoUI3.0\AndroidManifest.xml:23:5-76
	android:name
		ADDED from ChatDemoUI3.0\AndroidManifest.xml:23:22-73
uses-permission#android.permission.WAKE_LOCK
ADDED from ChatDemoUI3.0\AndroidManifest.xml:24:5-68
	android:name
		ADDED from ChatDemoUI3.0\AndroidManifest.xml:24:22-65
uses-permission#android.permission.MODIFY_AUDIO_SETTINGS
ADDED from ChatDemoUI3.0\AndroidManifest.xml:25:5-80
	android:name
		ADDED from ChatDemoUI3.0\AndroidManifest.xml:25:22-77
uses-permission#android.permission.READ_PHONE_STATE
ADDED from ChatDemoUI3.0\AndroidManifest.xml:26:5-75
	android:name
		ADDED from ChatDemoUI3.0\AndroidManifest.xml:26:22-72
uses-permission#android.permission.RECEIVE_BOOT_COMPLETED
ADDED from ChatDemoUI3.0\AndroidManifest.xml:27:5-81
	android:name
		ADDED from ChatDemoUI3.0\AndroidManifest.xml:27:22-78
uses-permission#android.permission.USE_CREDENTIALS
ADDED from ChatDemoUI3.0\AndroidManifest.xml:28:5-74
	android:name
		ADDED from ChatDemoUI3.0\AndroidManifest.xml:28:22-71
uses-permission#com.android.launcher.permission.READ_SETTINGS
ADDED from ChatDemoUI3.0\AndroidManifest.xml:29:5-85
	android:name
		ADDED from ChatDemoUI3.0\AndroidManifest.xml:29:22-82
uses-permission#android.permission.BROADCAST_STICKY
ADDED from ChatDemoUI3.0\AndroidManifest.xml:30:5-75
	android:name
		ADDED from ChatDemoUI3.0\AndroidManifest.xml:30:22-72
uses-permission#android.permission.WRITE_SETTINGS
ADDED from ChatDemoUI3.0\AndroidManifest.xml:31:5-73
	android:name
		ADDED from ChatDemoUI3.0\AndroidManifest.xml:31:22-70
uses-permission#android.permission.REQUEST_IGNORE_BATTERY_OPTIMIZATIONS
ADDED from ChatDemoUI3.0\AndroidManifest.xml:32:5-95
	android:name
		ADDED from ChatDemoUI3.0\AndroidManifest.xml:32:22-92
uses-permission#com.google.android.c2dm.permission.RECEIVE
ADDED from ChatDemoUI3.0\AndroidManifest.xml:34:5-82
	android:name
		ADDED from ChatDemoUI3.0\AndroidManifest.xml:34:22-79
permission#cn.ypxy.superchat.permission.C2D_MESSAGE
ADDED from ChatDemoUI3.0\AndroidManifest.xml:36:5-38:47
	android:protectionLevel
		ADDED from ChatDemoUI3.0\AndroidManifest.xml:38:9-44
	android:name
		ADDED from ChatDemoUI3.0\AndroidManifest.xml:37:9-64
uses-permission#cn.ypxy.superchat.permission.C2D_MESSAGE
ADDED from ChatDemoUI3.0\AndroidManifest.xml:40:5-80
	android:name
		ADDED from ChatDemoUI3.0\AndroidManifest.xml:40:22-77
permission#cn.ypxy.superchat.permission.MIPUSH_RECEIVE
ADDED from ChatDemoUI3.0\AndroidManifest.xml:42:5-44:47
	android:protectionLevel
		ADDED from ChatDemoUI3.0\AndroidManifest.xml:44:9-44
	android:name
		ADDED from ChatDemoUI3.0\AndroidManifest.xml:43:9-67
uses-permission#cn.ypxy.superchat.permission.MIPUSH_RECEIVE
ADDED from ChatDemoUI3.0\AndroidManifest.xml:46:5-83
	android:name
		ADDED from ChatDemoUI3.0\AndroidManifest.xml:46:22-80
uses-permission#android.permission.READ_EXTERNAL_STORAGE
ADDED from ChatDemoUI3.0\AndroidManifest.xml:47:5-80
	android:name
		ADDED from ChatDemoUI3.0\AndroidManifest.xml:47:22-77
application
ADDED from ChatDemoUI3.0\AndroidManifest.xml:49:5-474:19
MERGED from [com.android.support:support-v4:24.2.0] AndroidManifest.xml:25:5-20
MERGED from [com.android.support:support-compat:24.2.0] AndroidManifest.xml:25:5-20
MERGED from [com.android.support:support-core-utils:24.2.0] AndroidManifest.xml:25:5-20
MERGED from [com.android.support:support-media-compat:24.2.0] AndroidManifest.xml:25:5-20
MERGED from [com.android.support:support-core-ui:24.2.0] AndroidManifest.xml:25:5-20
MERGED from [com.android.support:support-fragment:24.2.0] AndroidManifest.xml:25:5-20
	android:label
		ADDED from ChatDemoUI3.0\AndroidManifest.xml:54:9-41
	android:allowBackup
		ADDED from ChatDemoUI3.0\AndroidManifest.xml:51:9-35
	android:icon
		ADDED from ChatDemoUI3.0\AndroidManifest.xml:52:9-43
	android:theme
		ADDED from ChatDemoUI3.0\AndroidManifest.xml:53:9-40
	android:name
		ADDED from ChatDemoUI3.0\AndroidManifest.xml:50:9-66
activity#cn.ypxy.superwechat.ui.MainActivity
ADDED from ChatDemoUI3.0\AndroidManifest.xml:55:9-60:55
	android:screenOrientation
		ADDED from ChatDemoUI3.0\AndroidManifest.xml:58:13-49
	android:launchMode
		ADDED from ChatDemoUI3.0\AndroidManifest.xml:57:13-44
	android:windowSoftInputMode
		ADDED from ChatDemoUI3.0\AndroidManifest.xml:60:13-52
	android:theme
		ADDED from ChatDemoUI3.0\AndroidManifest.xml:59:13-52
	android:name
		ADDED from ChatDemoUI3.0\AndroidManifest.xml:56:13-63
activity#cn.ypxy.superwechat.ui.SplashActivity
ADDED from ChatDemoUI3.0\AndroidManifest.xml:63:9-72:20
	android:screenOrientation
		ADDED from ChatDemoUI3.0\AndroidManifest.xml:65:13-49
	android:theme
		ADDED from ChatDemoUI3.0\AndroidManifest.xml:66:13-52
	android:name
		ADDED from ChatDemoUI3.0\AndroidManifest.xml:64:13-65
intent-filter#android.intent.action.MAIN+android.intent.category.LAUNCHER
ADDED from ChatDemoUI3.0\AndroidManifest.xml:67:13-71:29
action#android.intent.action.MAIN
ADDED from ChatDemoUI3.0\AndroidManifest.xml:68:17-69
	android:name
		ADDED from ChatDemoUI3.0\AndroidManifest.xml:68:25-66
category#android.intent.category.LAUNCHER
ADDED from ChatDemoUI3.0\AndroidManifest.xml:70:17-77
	android:name
		ADDED from ChatDemoUI3.0\AndroidManifest.xml:70:27-74
activity#cn.ypxy.superwechat.ui.LoginActivity
ADDED from ChatDemoUI3.0\AndroidManifest.xml:75:9-79:71
	android:screenOrientation
		ADDED from ChatDemoUI3.0\AndroidManifest.xml:77:13-49
	android:windowSoftInputMode
		ADDED from ChatDemoUI3.0\AndroidManifest.xml:79:13-68
	android:theme
		ADDED from ChatDemoUI3.0\AndroidManifest.xml:78:13-52
	android:name
		ADDED from ChatDemoUI3.0\AndroidManifest.xml:76:13-64
activity#cn.ypxy.superwechat.ui.RegisterActivity
ADDED from ChatDemoUI3.0\AndroidManifest.xml:82:9-86:71
	android:screenOrientation
		ADDED from ChatDemoUI3.0\AndroidManifest.xml:84:13-49
	android:windowSoftInputMode
		ADDED from ChatDemoUI3.0\AndroidManifest.xml:86:13-68
	android:theme
		ADDED from ChatDemoUI3.0\AndroidManifest.xml:85:13-52
	android:name
		ADDED from ChatDemoUI3.0\AndroidManifest.xml:83:13-67
activity#cn.ypxy.superwechat.ui.ChatActivity
ADDED from ChatDemoUI3.0\AndroidManifest.xml:88:9-93:58
	android:screenOrientation
		ADDED from ChatDemoUI3.0\AndroidManifest.xml:91:13-49
	android:launchMode
		ADDED from ChatDemoUI3.0\AndroidManifest.xml:90:13-44
	android:windowSoftInputMode
		ADDED from ChatDemoUI3.0\AndroidManifest.xml:93:13-55
	android:theme
		ADDED from ChatDemoUI3.0\AndroidManifest.xml:92:13-52
	android:name
		ADDED from ChatDemoUI3.0\AndroidManifest.xml:89:13-63
activity#cn.ypxy.superwechat.ui.AddContactActivity
ADDED from ChatDemoUI3.0\AndroidManifest.xml:95:9-99:58
	android:screenOrientation
		ADDED from ChatDemoUI3.0\AndroidManifest.xml:97:13-49
	android:windowSoftInputMode
		ADDED from ChatDemoUI3.0\AndroidManifest.xml:99:13-55
	android:theme
		ADDED from ChatDemoUI3.0\AndroidManifest.xml:98:13-52
	android:name
		ADDED from ChatDemoUI3.0\AndroidManifest.xml:96:13-69
activity#cn.ypxy.superwechat.ui.GroupDetailsActivity
ADDED from ChatDemoUI3.0\AndroidManifest.xml:101:9-104:55
	android:screenOrientation
		ADDED from ChatDemoUI3.0\AndroidManifest.xml:103:13-49
	android:theme
		ADDED from ChatDemoUI3.0\AndroidManifest.xml:104:13-52
	android:name
		ADDED from ChatDemoUI3.0\AndroidManifest.xml:102:13-71
activity#cn.ypxy.superwechat.ui.GroupsActivity
ADDED from ChatDemoUI3.0\AndroidManifest.xml:106:9-110:55
	android:screenOrientation
		ADDED from ChatDemoUI3.0\AndroidManifest.xml:108:13-49
	android:windowSoftInputMode
		ADDED from ChatDemoUI3.0\AndroidManifest.xml:110:13-52
	android:theme
		ADDED from ChatDemoUI3.0\AndroidManifest.xml:109:13-52
	android:name
		ADDED from ChatDemoUI3.0\AndroidManifest.xml:107:13-65
activity#cn.ypxy.superwechat.ui.ChatRoomDetailsActivity
ADDED from ChatDemoUI3.0\AndroidManifest.xml:113:9-116:55
	android:screenOrientation
		ADDED from ChatDemoUI3.0\AndroidManifest.xml:115:13-49
	android:theme
		ADDED from ChatDemoUI3.0\AndroidManifest.xml:116:13-52
	android:name
		ADDED from ChatDemoUI3.0\AndroidManifest.xml:114:13-74
activity#cn.ypxy.superwechat.ui.NewGroupActivity
ADDED from ChatDemoUI3.0\AndroidManifest.xml:119:9-123:55
	android:screenOrientation
		ADDED from ChatDemoUI3.0\AndroidManifest.xml:121:13-49
	android:windowSoftInputMode
		ADDED from ChatDemoUI3.0\AndroidManifest.xml:123:13-52
	android:theme
		ADDED from ChatDemoUI3.0\AndroidManifest.xml:122:13-52
	android:name
		ADDED from ChatDemoUI3.0\AndroidManifest.xml:120:13-67
activity#cn.ypxy.superwechat.ui.ExitGroupDialog
ADDED from ChatDemoUI3.0\AndroidManifest.xml:125:9-128:58
	android:screenOrientation
		ADDED from ChatDemoUI3.0\AndroidManifest.xml:127:13-49
	android:theme
		ADDED from ChatDemoUI3.0\AndroidManifest.xml:128:13-55
	android:name
		ADDED from ChatDemoUI3.0\AndroidManifest.xml:126:13-66
activity#cn.ypxy.superwechat.ui.GroupPickContactsActivity
ADDED from ChatDemoUI3.0\AndroidManifest.xml:130:9-134:55
	android:screenOrientation
		ADDED from ChatDemoUI3.0\AndroidManifest.xml:132:13-49
	android:windowSoftInputMode
		ADDED from ChatDemoUI3.0\AndroidManifest.xml:134:13-52
	android:theme
		ADDED from ChatDemoUI3.0\AndroidManifest.xml:133:13-52
	android:name
		ADDED from ChatDemoUI3.0\AndroidManifest.xml:131:13-76
activity#cn.ypxy.superwechat.ui.PickAtUserActivity
ADDED from ChatDemoUI3.0\AndroidManifest.xml:135:9-138:55
	android:screenOrientation
		ADDED from ChatDemoUI3.0\AndroidManifest.xml:137:13-49
	android:theme
		ADDED from ChatDemoUI3.0\AndroidManifest.xml:138:13-52
	android:name
		ADDED from ChatDemoUI3.0\AndroidManifest.xml:136:13-69
activity#com.hyphenate.easeui.ui.EaseBaiduMapActivity
ADDED from ChatDemoUI3.0\AndroidManifest.xml:140:9-143:55
	android:screenOrientation
		ADDED from ChatDemoUI3.0\AndroidManifest.xml:142:13-49
	android:theme
		ADDED from ChatDemoUI3.0\AndroidManifest.xml:143:13-52
	android:name
		ADDED from ChatDemoUI3.0\AndroidManifest.xml:141:13-72
activity#cn.ypxy.superwechat.ui.NewFriendsMsgActivity
ADDED from ChatDemoUI3.0\AndroidManifest.xml:146:9-149:55
	android:screenOrientation
		ADDED from ChatDemoUI3.0\AndroidManifest.xml:148:13-49
	android:theme
		ADDED from ChatDemoUI3.0\AndroidManifest.xml:149:13-52
	android:name
		ADDED from ChatDemoUI3.0\AndroidManifest.xml:147:13-72
activity#cn.ypxy.superwechat.ui.ForwardMessageActivity
ADDED from ChatDemoUI3.0\AndroidManifest.xml:151:9-155:55
	android:screenOrientation
		ADDED from ChatDemoUI3.0\AndroidManifest.xml:153:13-49
	android:windowSoftInputMode
		ADDED from ChatDemoUI3.0\AndroidManifest.xml:155:13-52
	android:theme
		ADDED from ChatDemoUI3.0\AndroidManifest.xml:154:13-52
	android:name
		ADDED from ChatDemoUI3.0\AndroidManifest.xml:152:13-73
activity#cn.ypxy.superwechat.ui.ContextMenuActivity
ADDED from ChatDemoUI3.0\AndroidManifest.xml:157:9-160:52
	android:screenOrientation
		ADDED from ChatDemoUI3.0\AndroidManifest.xml:159:13-49
	android:theme
		ADDED from ChatDemoUI3.0\AndroidManifest.xml:160:13-49
	android:name
		ADDED from ChatDemoUI3.0\AndroidManifest.xml:158:13-70
activity#com.hyphenate.easeui.ui.EaseShowBigImageActivity
ADDED from ChatDemoUI3.0\AndroidManifest.xml:162:9-165:55
	android:screenOrientation
		ADDED from ChatDemoUI3.0\AndroidManifest.xml:164:13-49
	android:theme
		ADDED from ChatDemoUI3.0\AndroidManifest.xml:165:13-52
	android:name
		ADDED from ChatDemoUI3.0\AndroidManifest.xml:163:13-76
activity#com.hyphenate.easeui.ui.EaseShowNormalFileActivity
ADDED from ChatDemoUI3.0\AndroidManifest.xml:167:9-170:55
	android:screenOrientation
		ADDED from ChatDemoUI3.0\AndroidManifest.xml:169:13-49
	android:theme
		ADDED from ChatDemoUI3.0\AndroidManifest.xml:170:13-52
	android:name
		ADDED from ChatDemoUI3.0\AndroidManifest.xml:168:13-78
activity#cn.ypxy.superwechat.ui.BlacklistActivity
ADDED from ChatDemoUI3.0\AndroidManifest.xml:172:9-175:55
	android:screenOrientation
		ADDED from ChatDemoUI3.0\AndroidManifest.xml:174:13-49
	android:theme
		ADDED from ChatDemoUI3.0\AndroidManifest.xml:175:13-52
	android:name
		ADDED from ChatDemoUI3.0\AndroidManifest.xml:173:13-68
activity#cn.ypxy.superwechat.ui.PublicGroupsActivity
ADDED from ChatDemoUI3.0\AndroidManifest.xml:178:9-182:55
	android:screenOrientation
		ADDED from ChatDemoUI3.0\AndroidManifest.xml:180:13-49
	android:windowSoftInputMode
		ADDED from ChatDemoUI3.0\AndroidManifest.xml:182:13-52
	android:theme
		ADDED from ChatDemoUI3.0\AndroidManifest.xml:181:13-52
	android:name
		ADDED from ChatDemoUI3.0\AndroidManifest.xml:179:13-71
activity#cn.ypxy.superwechat.ui.PublicChatRoomsActivity
ADDED from ChatDemoUI3.0\AndroidManifest.xml:183:9-187:55
	android:screenOrientation
		ADDED from ChatDemoUI3.0\AndroidManifest.xml:185:13-49
	android:windowSoftInputMode
		ADDED from ChatDemoUI3.0\AndroidManifest.xml:187:13-52
	android:theme
		ADDED from ChatDemoUI3.0\AndroidManifest.xml:186:13-52
	android:name
		ADDED from ChatDemoUI3.0\AndroidManifest.xml:184:13-74
activity#cn.ypxy.superwechat.ui.VoiceCallActivity
ADDED from ChatDemoUI3.0\AndroidManifest.xml:190:9-194:51
	android:screenOrientation
		ADDED from ChatDemoUI3.0\AndroidManifest.xml:193:13-49
	android:launchMode
		ADDED from ChatDemoUI3.0\AndroidManifest.xml:192:13-44
	android:theme
		ADDED from ChatDemoUI3.0\AndroidManifest.xml:194:13-48
	android:name
		ADDED from ChatDemoUI3.0\AndroidManifest.xml:191:13-68
activity#cn.ypxy.superwechat.ui.VideoCallActivity
ADDED from ChatDemoUI3.0\AndroidManifest.xml:196:9-201:55
	android:screenOrientation
		ADDED from ChatDemoUI3.0\AndroidManifest.xml:200:13-49
	android:launchMode
		ADDED from ChatDemoUI3.0\AndroidManifest.xml:199:13-44
	android:configChanges
		ADDED from ChatDemoUI3.0\AndroidManifest.xml:198:13-74
	android:theme
		ADDED from ChatDemoUI3.0\AndroidManifest.xml:201:13-52
	android:name
		ADDED from ChatDemoUI3.0\AndroidManifest.xml:197:13-68
activity#cn.ypxy.superwechat.ui.GroupSimpleDetailActivity
ADDED from ChatDemoUI3.0\AndroidManifest.xml:203:9-206:55
	android:screenOrientation
		ADDED from ChatDemoUI3.0\AndroidManifest.xml:205:13-49
	android:theme
		ADDED from ChatDemoUI3.0\AndroidManifest.xml:206:13-52
	android:name
		ADDED from ChatDemoUI3.0\AndroidManifest.xml:204:13-76
activity#cn.ypxy.superwechat.ui.GroupBlacklistActivity
ADDED from ChatDemoUI3.0\AndroidManifest.xml:208:9-211:55
	android:screenOrientation
		ADDED from ChatDemoUI3.0\AndroidManifest.xml:210:13-49
	android:theme
		ADDED from ChatDemoUI3.0\AndroidManifest.xml:211:13-52
	android:name
		ADDED from ChatDemoUI3.0\AndroidManifest.xml:209:13-73
activity#cn.ypxy.superwechat.ui.GroupSearchMessageActivity
ADDED from ChatDemoUI3.0\AndroidManifest.xml:212:9-216:58
	android:screenOrientation
		ADDED from ChatDemoUI3.0\AndroidManifest.xml:214:13-49
	android:windowSoftInputMode
		ADDED from ChatDemoUI3.0\AndroidManifest.xml:216:13-55
	android:theme
		ADDED from ChatDemoUI3.0\AndroidManifest.xml:215:13-52
	android:name
		ADDED from ChatDemoUI3.0\AndroidManifest.xml:213:13-77
activity#cn.ypxy.superwechat.ui.PublicGroupsSeachActivity
ADDED from ChatDemoUI3.0\AndroidManifest.xml:217:9-220:55
	android:screenOrientation
		ADDED from ChatDemoUI3.0\AndroidManifest.xml:219:13-49
	android:theme
		ADDED from ChatDemoUI3.0\AndroidManifest.xml:220:13-52
	android:name
		ADDED from ChatDemoUI3.0\AndroidManifest.xml:218:13-76
activity#cn.ypxy.superwechat.ui.EditActivity
ADDED from ChatDemoUI3.0\AndroidManifest.xml:221:9-225:58
	android:screenOrientation
		ADDED from ChatDemoUI3.0\AndroidManifest.xml:223:13-49
	android:windowSoftInputMode
		ADDED from ChatDemoUI3.0\AndroidManifest.xml:225:13-55
	android:theme
		ADDED from ChatDemoUI3.0\AndroidManifest.xml:224:13-52
	android:name
		ADDED from ChatDemoUI3.0\AndroidManifest.xml:222:13-63
activity#com.hyphenate.easeui.ui.EaseShowVideoActivity
ADDED from ChatDemoUI3.0\AndroidManifest.xml:226:9-230:63
	android:screenOrientation
		ADDED from ChatDemoUI3.0\AndroidManifest.xml:228:13-49
	android:windowSoftInputMode
		ADDED from ChatDemoUI3.0\AndroidManifest.xml:230:13-60
	android:theme
		ADDED from ChatDemoUI3.0\AndroidManifest.xml:229:13-52
	android:name
		ADDED from ChatDemoUI3.0\AndroidManifest.xml:227:13-73
activity#cn.ypxy.superwechat.ui.ImageGridActivity
ADDED from ChatDemoUI3.0\AndroidManifest.xml:232:9-236:63
	android:screenOrientation
		ADDED from ChatDemoUI3.0\AndroidManifest.xml:234:13-49
	android:windowSoftInputMode
		ADDED from ChatDemoUI3.0\AndroidManifest.xml:236:13-60
	android:theme
		ADDED from ChatDemoUI3.0\AndroidManifest.xml:235:13-52
	android:name
		ADDED from ChatDemoUI3.0\AndroidManifest.xml:233:13-68
activity#cn.ypxy.superwechat.ui.RecorderVideoActivity
ADDED from ChatDemoUI3.0\AndroidManifest.xml:237:9-241:63
	android:screenOrientation
		ADDED from ChatDemoUI3.0\AndroidManifest.xml:239:13-49
	android:windowSoftInputMode
		ADDED from ChatDemoUI3.0\AndroidManifest.xml:241:13-60
	android:theme
		ADDED from ChatDemoUI3.0\AndroidManifest.xml:240:13-52
	android:name
		ADDED from ChatDemoUI3.0\AndroidManifest.xml:238:13-72
activity#cn.ypxy.superwechat.ui.DiagnoseActivity
ADDED from ChatDemoUI3.0\AndroidManifest.xml:243:9-247:63
	android:screenOrientation
		ADDED from ChatDemoUI3.0\AndroidManifest.xml:245:13-49
	android:windowSoftInputMode
		ADDED from ChatDemoUI3.0\AndroidManifest.xml:247:13-60
	android:theme
		ADDED from ChatDemoUI3.0\AndroidManifest.xml:246:13-52
	android:name
		ADDED from ChatDemoUI3.0\AndroidManifest.xml:244:13-67
activity#cn.ypxy.superwechat.ui.OfflinePushNickActivity
ADDED from ChatDemoUI3.0\AndroidManifest.xml:250:9-254:63
	android:screenOrientation
		ADDED from ChatDemoUI3.0\AndroidManifest.xml:252:13-49
	android:windowSoftInputMode
		ADDED from ChatDemoUI3.0\AndroidManifest.xml:254:13-60
	android:theme
		ADDED from ChatDemoUI3.0\AndroidManifest.xml:253:13-52
	android:name
		ADDED from ChatDemoUI3.0\AndroidManifest.xml:251:13-74
activity#cn.ypxy.superwechat.ui.RobotsActivity
ADDED from ChatDemoUI3.0\AndroidManifest.xml:256:9-260:63
	android:screenOrientation
		ADDED from ChatDemoUI3.0\AndroidManifest.xml:258:13-49
	android:windowSoftInputMode
		ADDED from ChatDemoUI3.0\AndroidManifest.xml:260:13-60
	android:theme
		ADDED from ChatDemoUI3.0\AndroidManifest.xml:259:13-52
	android:name
		ADDED from ChatDemoUI3.0\AndroidManifest.xml:257:13-65
activity#cn.ypxy.superwechat.ui.UserProfileActivity
ADDED from ChatDemoUI3.0\AndroidManifest.xml:262:9-265:55
	android:screenOrientation
		ADDED from ChatDemoUI3.0\AndroidManifest.xml:264:13-49
	android:theme
		ADDED from ChatDemoUI3.0\AndroidManifest.xml:265:13-52
	android:name
		ADDED from ChatDemoUI3.0\AndroidManifest.xml:263:13-70
activity#cn.ypxy.superwechat.ui.SetServersActivity
ADDED from ChatDemoUI3.0\AndroidManifest.xml:266:9-269:55
	android:screenOrientation
		ADDED from ChatDemoUI3.0\AndroidManifest.xml:268:13-49
	android:theme
		ADDED from ChatDemoUI3.0\AndroidManifest.xml:269:13-52
	android:name
		ADDED from ChatDemoUI3.0\AndroidManifest.xml:267:13-69
activity#com.easemob.redpacketui.ui.activity.RPRedPacketActivity
ADDED from ChatDemoUI3.0\AndroidManifest.xml:273:9-277:68
	android:screenOrientation
		ADDED from ChatDemoUI3.0\AndroidManifest.xml:275:13-49
	android:windowSoftInputMode
		ADDED from ChatDemoUI3.0\AndroidManifest.xml:277:13-65
	android:theme
		ADDED from ChatDemoUI3.0\AndroidManifest.xml:276:13-52
	android:name
		ADDED from ChatDemoUI3.0\AndroidManifest.xml:274:13-83
activity#com.easemob.redpacketui.ui.activity.RPDetailActivity
ADDED from ChatDemoUI3.0\AndroidManifest.xml:279:9-283:55
	android:screenOrientation
		ADDED from ChatDemoUI3.0\AndroidManifest.xml:281:13-49
	android:windowSoftInputMode
		ADDED from ChatDemoUI3.0\AndroidManifest.xml:283:13-52
	android:theme
		ADDED from ChatDemoUI3.0\AndroidManifest.xml:282:13-52
	android:name
		ADDED from ChatDemoUI3.0\AndroidManifest.xml:280:13-80
activity#com.easemob.redpacketui.ui.activity.RPRecordActivity
ADDED from ChatDemoUI3.0\AndroidManifest.xml:285:9-289:55
	android:screenOrientation
		ADDED from ChatDemoUI3.0\AndroidManifest.xml:287:13-49
	android:windowSoftInputMode
		ADDED from ChatDemoUI3.0\AndroidManifest.xml:289:13-52
	android:theme
		ADDED from ChatDemoUI3.0\AndroidManifest.xml:288:13-52
	android:name
		ADDED from ChatDemoUI3.0\AndroidManifest.xml:286:13-80
activity#com.easemob.redpacketui.ui.activity.RPWebViewActivity
ADDED from ChatDemoUI3.0\AndroidManifest.xml:291:9-295:70
	android:screenOrientation
		ADDED from ChatDemoUI3.0\AndroidManifest.xml:293:13-49
	android:windowSoftInputMode
		ADDED from ChatDemoUI3.0\AndroidManifest.xml:295:13-67
	android:theme
		ADDED from ChatDemoUI3.0\AndroidManifest.xml:294:13-52
	android:name
		ADDED from ChatDemoUI3.0\AndroidManifest.xml:292:13-81
activity#com.easemob.redpacketui.ui.activity.RPChangeActivity
ADDED from ChatDemoUI3.0\AndroidManifest.xml:297:9-301:70
	android:screenOrientation
		ADDED from ChatDemoUI3.0\AndroidManifest.xml:299:13-49
	android:windowSoftInputMode
		ADDED from ChatDemoUI3.0\AndroidManifest.xml:301:13-67
	android:theme
		ADDED from ChatDemoUI3.0\AndroidManifest.xml:300:13-52
	android:name
		ADDED from ChatDemoUI3.0\AndroidManifest.xml:298:13-80
activity#com.easemob.redpacketui.ui.activity.RPBankCardActivity
ADDED from ChatDemoUI3.0\AndroidManifest.xml:303:9-307:67
	android:screenOrientation
		ADDED from ChatDemoUI3.0\AndroidManifest.xml:305:13-49
	android:windowSoftInputMode
		ADDED from ChatDemoUI3.0\AndroidManifest.xml:307:13-64
	android:theme
		ADDED from ChatDemoUI3.0\AndroidManifest.xml:306:13-52
	android:name
		ADDED from ChatDemoUI3.0\AndroidManifest.xml:304:13-82
activity#com.easemob.redpacketui.ui.activity.RPGroupMemberActivity
ADDED from ChatDemoUI3.0\AndroidManifest.xml:309:9-313:67
	android:screenOrientation
		ADDED from ChatDemoUI3.0\AndroidManifest.xml:311:13-49
	android:windowSoftInputMode
		ADDED from ChatDemoUI3.0\AndroidManifest.xml:313:13-64
	android:theme
		ADDED from ChatDemoUI3.0\AndroidManifest.xml:312:13-52
	android:name
		ADDED from ChatDemoUI3.0\AndroidManifest.xml:310:13-85
activity#com.alipay.sdk.app.H5PayActivity
ADDED from ChatDemoUI3.0\AndroidManifest.xml:315:9-320:70
	android:screenOrientation
		ADDED from ChatDemoUI3.0\AndroidManifest.xml:319:13-47
	android:exported
		ADDED from ChatDemoUI3.0\AndroidManifest.xml:318:13-37
	android:windowSoftInputMode
		ADDED from ChatDemoUI3.0\AndroidManifest.xml:320:13-67
	android:configChanges
		ADDED from ChatDemoUI3.0\AndroidManifest.xml:317:13-85
	android:name
		ADDED from ChatDemoUI3.0\AndroidManifest.xml:316:13-60
receiver#cn.ypxy.superwechat.receiver.StartServiceReceiver
ADDED from ChatDemoUI3.0\AndroidManifest.xml:325:9-332:20
	android:name
		ADDED from ChatDemoUI3.0\AndroidManifest.xml:325:19-83
intent-filter#android.intent.action.BOOT_COMPLETED+android.intent.action.QUICKBOOT_POWERON+android.intent.category.LAUNCHER
ADDED from ChatDemoUI3.0\AndroidManifest.xml:326:13-331:29
	android:priority
		ADDED from ChatDemoUI3.0\AndroidManifest.xml:326:28-51
action#android.intent.action.BOOT_COMPLETED
ADDED from ChatDemoUI3.0\AndroidManifest.xml:327:17-79
	android:name
		ADDED from ChatDemoUI3.0\AndroidManifest.xml:327:25-76
action#android.intent.action.QUICKBOOT_POWERON
ADDED from ChatDemoUI3.0\AndroidManifest.xml:328:17-82
	android:name
		ADDED from ChatDemoUI3.0\AndroidManifest.xml:328:25-79
receiver#com.hyphenate.chat.EMGCMBroadcastReceiver
ADDED from ChatDemoUI3.0\AndroidManifest.xml:335:9-344:20
	android:exported
		ADDED from ChatDemoUI3.0\AndroidManifest.xml:337:13-36
	android:permission
		ADDED from ChatDemoUI3.0\AndroidManifest.xml:338:13-73
	android:name
		ADDED from ChatDemoUI3.0\AndroidManifest.xml:336:13-69
intent-filter#cn.ypxy.superchat+com.google.android.c2dm.intent.RECEIVE
ADDED from ChatDemoUI3.0\AndroidManifest.xml:339:13-343:29
action#com.google.android.c2dm.intent.RECEIVE
ADDED from ChatDemoUI3.0\AndroidManifest.xml:340:17-81
	android:name
		ADDED from ChatDemoUI3.0\AndroidManifest.xml:340:25-78
category#cn.ypxy.superchat
ADDED from ChatDemoUI3.0\AndroidManifest.xml:342:17-62
	android:name
		ADDED from ChatDemoUI3.0\AndroidManifest.xml:342:27-59
service#com.hyphenate.chat.EMGCMListenerService
ADDED from ChatDemoUI3.0\AndroidManifest.xml:346:9-348:40
	android:exported
		ADDED from ChatDemoUI3.0\AndroidManifest.xml:348:13-37
	android:name
		ADDED from ChatDemoUI3.0\AndroidManifest.xml:347:13-67
receiver#cn.ypxy.superwechat.receiver.GCMPushBroadCast
ADDED from ChatDemoUI3.0\AndroidManifest.xml:350:9-358:20
	android:exported
		ADDED from ChatDemoUI3.0\AndroidManifest.xml:352:13-37
	android:name
		ADDED from ChatDemoUI3.0\AndroidManifest.xml:351:13-73
intent-filter#cn.ypxy.superchat+com.hyphenate.sdk.push
ADDED from ChatDemoUI3.0\AndroidManifest.xml:353:13-357:29
action#com.hyphenate.sdk.push
ADDED from ChatDemoUI3.0\AndroidManifest.xml:354:17-65
	android:name
		ADDED from ChatDemoUI3.0\AndroidManifest.xml:354:25-62
service#com.xiaomi.mipush.sdk.PushMessageHandler
ADDED from ChatDemoUI3.0\AndroidManifest.xml:363:9-367:46
	android:enabled
		ADDED from ChatDemoUI3.0\AndroidManifest.xml:365:13-35
	android:exported
		ADDED from ChatDemoUI3.0\AndroidManifest.xml:366:13-36
	tools:ignore
		ADDED from ChatDemoUI3.0\AndroidManifest.xml:367:13-43
	android:name
		ADDED from ChatDemoUI3.0\AndroidManifest.xml:364:13-68
service#com.xiaomi.mipush.sdk.MessageHandleService
ADDED from ChatDemoUI3.0\AndroidManifest.xml:368:9-370:38
	android:enabled
		ADDED from ChatDemoUI3.0\AndroidManifest.xml:370:13-35
	android:name
		ADDED from ChatDemoUI3.0\AndroidManifest.xml:369:13-70
receiver#com.hyphenate.chat.EMMipushReceiver
ADDED from ChatDemoUI3.0\AndroidManifest.xml:372:9-385:20
	android:exported
		ADDED from ChatDemoUI3.0\AndroidManifest.xml:374:13-36
	tools:ignore
		ADDED from ChatDemoUI3.0\AndroidManifest.xml:375:13-44
	android:name
		ADDED from ChatDemoUI3.0\AndroidManifest.xml:373:13-63
intent-filter#com.xiaomi.mipush.RECEIVE_MESSAGE
ADDED from ChatDemoUI3.0\AndroidManifest.xml:376:13-378:29
action#com.xiaomi.mipush.RECEIVE_MESSAGE
ADDED from ChatDemoUI3.0\AndroidManifest.xml:377:17-76
	android:name
		ADDED from ChatDemoUI3.0\AndroidManifest.xml:377:25-73
intent-filter#com.xiaomi.mipush.MESSAGE_ARRIVED
ADDED from ChatDemoUI3.0\AndroidManifest.xml:379:13-381:29
action#com.xiaomi.mipush.MESSAGE_ARRIVED